This is pdfTeX, Version 3.141592653-2.6-1.40.28 (MiKTeX 25.12) (preloaded format=pdflatex 2026.5.26)  10 JUL 2026 06:20
entering extended mode
 restricted \write18 enabled.
 %&-line parsing enabled.
**./1.tex
(1.tex
LaTeX2e <2025-11-01>
L3 programming layer <2025-12-24>
(C:\Program Files\MiKTeX\tex/latex/base\report.cls
Document Class: report 2025/01/22 v1.4n Standard LaTeX document class
(C:\Program Files\MiKTeX\tex/latex/base\size12.clo
File: size12.clo 2025/01/22 v1.4n Standard LaTeX file (size option)
)
\c@part=\count275
\c@chapter=\count276
\c@section=\count277
\c@subsection=\count278
\c@subsubsection=\count279
\c@paragraph=\count280
\c@subparagraph=\count281
\c@figure=\count282
\c@table=\count283
\abovecaptionskip=\skip49
\belowcaptionskip=\skip50
\bibindent=\dimen148
)
(C:\Program Files\MiKTeX\tex/latex/base\inputenc.sty
Package: inputenc 2024/02/08 v1.3d Input encoding file
\inpenc@prehook=\toks17
\inpenc@posthook=\toks18
)
(C:\Program Files\MiKTeX\tex/latex/graphics\graphicx.sty
Package: graphicx 2024/12/31 v1.2e Enhanced LaTeX Graphics (DPC,SPQR)

(C:\Program Files\MiKTeX\tex/latex/graphics\keyval.sty
Package: keyval 2022/05/29 v1.15 key=value parser (DPC)
\KV@toks@=\toks19
)
(C:\Program Files\MiKTeX\tex/latex/graphics\graphics.sty
Package: graphics 2024/08/06 v1.4g Standard LaTeX Graphics (DPC,SPQR)

(C:\Program Files\MiKTeX\tex/latex/graphics\trig.sty
Package: trig 2023/12/02 v1.11 sin cos tan (DPC)
)
(C:\Program Files\MiKTeX\tex/latex/graphics-cfg\graphics.cfg
File: graphics.cfg 2016/06/04 v1.11 sample graphics configuration
)
Package graphics Info: Driver file: pdftex.def on input line 106.

(C:\Program Files\MiKTeX\tex/latex/graphics-def\pdftex.def
File: pdftex.def 2025/09/29 v1.2d Graphics/color driver for pdftex
))
\Gin@req@height=\dimen149
\Gin@req@width=\dimen150
)
(C:\Program Files\MiKTeX\tex/latex/amsmath\amsmath.sty
Package: amsmath 2025/07/09 v2.17z AMS math features
\@mathmargin=\skip51

For additional information on amsmath, use the `?' option.
(C:\Program Files\MiKTeX\tex/latex/amsmath\amstext.sty
Package: amstext 2024/11/17 v2.01 AMS text

(C:\Program Files\MiKTeX\tex/latex/amsmath\amsgen.sty
File: amsgen.sty 1999/11/30 v2.0 generic functions
\@emptytoks=\toks20
\ex@=\dimen151
))
(C:\Program Files\MiKTeX\tex/latex/amsmath\amsbsy.sty
Package: amsbsy 1999/11/29 v1.2d Bold Symbols
\pmbraise@=\dimen152
)
(C:\Program Files\MiKTeX\tex/latex/amsmath\amsopn.sty
Package: amsopn 2022/04/08 v2.04 operator names
)
\inf@bad=\count284
LaTeX Info: Redefining \frac on input line 233.
\uproot@=\count285
\leftroot@=\count286
LaTeX Info: Redefining \overline on input line 398.
LaTeX Info: Redefining \colon on input line 409.
\classnum@=\count287
\DOTSCASE@=\count288
LaTeX Info: Redefining \ldots on input line 495.
LaTeX Info: Redefining \dots on input line 498.
LaTeX Info: Redefining \cdots on input line 619.
\Mathstrutbox@=\box53
\strutbox@=\box54
LaTeX Info: Redefining \big on input line 721.
LaTeX Info: Redefining \Big on input line 722.
LaTeX Info: Redefining \bigg on input line 723.
LaTeX Info: Redefining \Bigg on input line 724.
\big@size=\dimen153
LaTeX Font Info:    Redeclaring font encoding OML on input line 742.
LaTeX Font Info:    Redeclaring font encoding OMS on input line 743.
\macc@depth=\count289
LaTeX Info: Redefining \bmod on input line 904.
LaTeX Info: Redefining \pmod on input line 909.
LaTeX Info: Redefining \smash on input line 939.
LaTeX Info: Redefining \relbar on input line 969.
LaTeX Info: Redefining \Relbar on input line 970.
\c@MaxMatrixCols=\count290
\dotsspace@=\muskip17
\c@parentequation=\count291
\dspbrk@lvl=\count292
\tag@help=\toks21
\row@=\count293
\column@=\count294
\maxfields@=\count295
\andhelp@=\toks22
\eqnshift@=\dimen154
\alignsep@=\dimen155
\tagshift@=\dimen156
\tagwidth@=\dimen157
\totwidth@=\dimen158
\lineht@=\dimen159
\@envbody=\toks23
\multlinegap=\skip52
\multlinetaggap=\skip53
\mathdisplay@stack=\toks24
LaTeX Info: Redefining \[ on input line 2950.
LaTeX Info: Redefining \] on input line 2951.
)
(C:\Users\Windows 10\AppData\Roaming\MiKTeX\tex/latex/geometry\geometry.sty
Package: geometry 2026/03/07 v6.0 Page Geometry

(C:\Program Files\MiKTeX\tex/generic/iftex\ifvtex.sty
Package: ifvtex 2019/10/25 v1.7 ifvtex legacy package. Use iftex instead.

(C:\Program Files\MiKTeX\tex/generic/iftex\iftex.sty
Package: iftex 2024/12/12 v1.0g TeX engine tests
))
\Gm@cnth=\count296
\Gm@cntv=\count297
\c@Gm@tempcnt=\count298
\Gm@bindingoffset=\dimen160
\Gm@wd@mp=\dimen161
\Gm@odd@mp=\dimen162
\Gm@even@mp=\dimen163
\Gm@layoutwidth=\dimen164
\Gm@layoutheight=\dimen165
\Gm@layouthoffset=\dimen166
\Gm@layoutvoffset=\dimen167
\Gm@dimlist=\toks25

(C:\Users\Windows 10\AppData\Roaming\MiKTeX\tex/latex/geometry\geometry.cfg))
(C:\Users\Windows 10\AppData\Roaming\MiKTeX\tex/latex/setspace\setspace.sty
Package: setspace 2022/12/04 v6.7b set line spacing
)
(C:\Users\Windows 10\AppData\Roaming\MiKTeX\tex/latex/titlesec\titlesec.sty
Package: titlesec 2025/01/04 v2.17 Sectioning titles
\ttl@box=\box55
\beforetitleunit=\skip54
\aftertitleunit=\skip55
\ttl@plus=\dimen168
\ttl@minus=\dimen169
\ttl@toksa=\toks26
\titlewidth=\dimen170
\titlewidthlast=\dimen171
\titlewidthfirst=\dimen172
)
(C:\Users\Windows 10\AppData\Roaming\MiKTeX\tex/latex/fancyhdr\fancyhdr.sty
Package: fancyhdr 2025/02/07 v5.2 Extensive control of page headers and footers

\f@nch@headwidth=\skip56
\f@nch@offset@elh=\skip57
\f@nch@offset@erh=\skip58
\f@nch@offset@olh=\skip59
\f@nch@offset@orh=\skip60
\f@nch@offset@elf=\skip61
\f@nch@offset@erf=\skip62
\f@nch@offset@olf=\skip63
\f@nch@offset@orf=\skip64
\f@nch@height=\skip65
\f@nch@footalignment=\skip66
\f@nch@widthL=\skip67
\f@nch@widthC=\skip68
\f@nch@widthR=\skip69
\@temptokenb=\toks27
)
(C:\Users\Windows 10\AppData\Roaming\MiKTeX\tex/latex/booktabs\booktabs.sty
Package: booktabs 2020/01/12 v1.61803398 Publication quality tables
\heavyrulewidth=\dimen173
\lightrulewidth=\dimen174
\cmidrulewidth=\dimen175
\belowrulesep=\dimen176
\belowbottomsep=\dimen177
\aboverulesep=\dimen178
\abovetopsep=\dimen179
\cmidrulesep=\dimen180
\cmidrulekern=\dimen181
\defaultaddspace=\dimen182
\@cmidla=\count299
\@cmidlb=\count300
\@aboverulesep=\dimen183
\@belowrulesep=\dimen184
\@thisruleclass=\count301
\@lastruleclass=\count302
\@thisrulewidth=\dimen185
)
(C:\Program Files\MiKTeX\tex/latex/l3backend\l3backend-pdftex.def
File: l3backend-pdftex.def 2025-10-09 L3 backend support: PDF output (pdfTeX)
\l__color_backend_stack_int=\count303
) (1.aux)
\openout1 = `1.aux'.

LaTeX Font Info:    Checking defaults for OML/cmm/m/it on input line 18.
LaTeX Font Info:    ... okay on input line 18.
LaTeX Font Info:    Checking defaults for OMS/cmsy/m/n on input line 18.
LaTeX Font Info:    ... okay on input line 18.
LaTeX Font Info:    Checking defaults for OT1/cmr/m/n on input line 18.
LaTeX Font Info:    ... okay on input line 18.
LaTeX Font Info:    Checking defaults for T1/cmr/m/n on input line 18.
LaTeX Font Info:    ... okay on input line 18.
LaTeX Font Info:    Checking defaults for TS1/cmr/m/n on input line 18.
LaTeX Font Info:    ... okay on input line 18.
LaTeX Font Info:    Checking defaults for OMX/cmex/m/n on input line 18.
LaTeX Font Info:    ... okay on input line 18.
LaTeX Font Info:    Checking defaults for U/cmr/m/n on input line 18.
LaTeX Font Info:    ... okay on input line 18.

(C:\Program Files\MiKTeX\tex/context/base/mkii\supp-pdf.mkii
[Loading MPS to PDF converter (version 2006.09.02).]
\scratchcounter=\count304
\scratchdimen=\dimen186
\scratchbox=\box56
\nofMPsegments=\count305
\nofMParguments=\count306
\everyMPshowfont=\toks28
\MPscratchCnt=\count307
\MPscratchDim=\dimen187
\MPnumerator=\count308
\makeMPintoPDFobject=\count309
\everyMPtoPDFconversion=\toks29
) (C:\Program Files\MiKTeX\tex/latex/epstopdf-pkg\epstopdf-base.sty
Package: epstopdf-base 2020-01-24 v2.11 Base part for package epstopdf
Package epstopdf-base Info: Redefining graphics rule for `.eps' on input line 4
85.

(C:\Program Files\MiKTeX\tex/latex/00miktex\epstopdf-sys.cfg
File: epstopdf-sys.cfg 2021/03/18 v2.0 Configuration of epstopdf for MiKTeX
))
*geometry* driver: auto-detecting
*geometry* detected driver: pdftex
*geometry* verbose mode - [ preamble ] result:
* driver: pdftex
* paper: a4paper
* layout: <same size as paper>
* layoutoffset:(h,v)=(0.0pt,0.0pt)
* modes: 
* h-part:(L,W,R)=(108.405pt, 416.83289pt, 72.26999pt)
* v-part:(T,H,B)=(72.26999pt, 700.50687pt, 72.26999pt)
* \paperwidth=597.50787pt
* \paperheight=845.04684pt
* \textwidth=416.83289pt
* \textheight=700.50687pt
* \oddsidemargin=36.13501pt
* \evensidemargin=36.13501pt
* \topmargin=-37.0pt
* \headheight=12.0pt
* \headsep=25.0pt
* \topskip=12.0pt
* \footskip=30.0pt
* \marginparwidth=35.0pt
* \marginparsep=10.0pt
* \columnsep=10.0pt
* \skip\footins=10.8pt plus 4.0pt minus 2.0pt
* \hoffset=0.0pt
* \voffset=0.0pt
* \mag=1000
* \@twocolumnfalse
* \@twosidefalse
* \@mparswitchfalse
* \@reversemarginfalse
* (1in=72.27pt=25.4mm, 1cm=28.453pt)


LaTeX Font Warning: Font shape `OT1/cmr/m/n' in size <28> not available
(Font)              size <24.88> substituted on input line 23.


LaTeX Font Warning: Font shape `OT1/cmr/bx/n' in size <28> not available
(Font)              size <24.88> substituted on input line 23.


LaTeX Font Warning: Font shape `OT1/cmr/m/n' in size <18> not available
(Font)              size <17.28> substituted on input line 29.


LaTeX Font Warning: Font shape `OT1/cmr/bx/n' in size <18> not available
(Font)              size <17.28> substituted on input line 29.


LaTeX Font Warning: Font shape `OT1/cmr/m/n' in size <16> not available
(Font)              size <17.28> substituted on input line 33.

[1

{C:/Users/Windows 10/AppData/Local/MiKTeX/fonts/map/pdftex/pdftex.map}]
[1

] [2

] [3

] (1.toc
Overfull \hbox (10.81636pt too wide) in paragraph at lines 11--11
 [] []\OT1/cmr/bx/n/12 INDUCTION MO-TOR PLANT PA-RAM-E-TERS AND DY-NAMIC 
 []


Overfull \hbox (8.42891pt too wide) in paragraph at lines 14--14
 [] []\OT1/cmr/bx/n/12 CONTROL SYS-TEM AR-CHI-TEC-TURE AND DISCRETE-TIME 
 []

[4

])
\tf@toc=\write3
\openout3 = `1.toc'.

 [5] (1.lof
Overfull \hbox (25.08482pt too wide) in paragraph at lines 32--32
 [][] []\OT1/cmr/m/n/12 Electromagnetic Torque Tran-sient Spikes dur-ing Ac-cel
-er-a-tion/Deceleration []  
 []

[6

])
\tf@lof=\write4
\openout4 = `1.lof'.

 [7] (1.lot)
\tf@lot=\write5
\openout5 = `1.lot'.

 [8

] [9

]
Chapter 1.
<VECTOR_CONTROL_FOC_OF_IM-01.png, id=40, 1656.1875pt x 819.8128pt>
File: VECTOR_CONTROL_FOC_OF_IM-01.png Graphic file (type png)
<use VECTOR_CONTROL_FOC_OF_IM-01.png>
Package pdftex.def Info: VECTOR_CONTROL_FOC_OF_IM-01.png  used on input line 11
9.
(pdftex.def)             Requested size: 416.83289pt x 206.32872pt.
[10

 <./VECTOR_CONTROL_FOC_OF_IM-01.png>]
<1.png, id=46, 1660.2025pt x 728.7225pt>
File: 1.png Graphic file (type png)
<use 1.png>
Package pdftex.def Info: 1.png  used on input line 141.
(pdftex.def)             Requested size: 333.46758pt x 146.3646pt.
 [11 <./1.png>]
Chapter 2.
[12

]
<7.png, id=59, 1660.2025pt x 797.98125pt>
File: 7.png Graphic file (type png)
<use 7.png>
Package pdftex.def Info: 7.png  used on input line 199.
(pdftex.def)             Requested size: 333.46758pt x 160.27528pt.
 [13 <./7.png>]
Chapter 3.
<VECTOR_CONTROL_FOC_OF_IM-06.png, id=64, 748.29562pt x 429.10312pt>
File: VECTOR_CONTROL_FOC_OF_IM-06.png Graphic file (type png)
<use VECTOR_CONTROL_FOC_OF_IM-06.png>
Package pdftex.def Info: VECTOR_CONTROL_FOC_OF_IM-06.png  used on input line 21
6.
(pdftex.def)             Requested size: 333.46758pt x 191.222pt.
[14

 <./VECTOR_CONTROL_FOC_OF_IM-06.png>]
<VECTOR_CONTROL_FOC_OF_IM-07.png, id=69, 768.62157pt x 345.54094pt>
File: VECTOR_CONTROL_FOC_OF_IM-07.png Graphic file (type png)
<use VECTOR_CONTROL_FOC_OF_IM-07.png>
Package pdftex.def Info: VECTOR_CONTROL_FOC_OF_IM-07.png  used on input line 22
8.
(pdftex.def)             Requested size: 333.46758pt x 149.91365pt.
<VECTOR_CONTROL_FOC_OF_IM-09.png, id=70, 724.20563pt x 338.01282pt>
File: VECTOR_CONTROL_FOC_OF_IM-09.png Graphic file (type png)
<use VECTOR_CONTROL_FOC_OF_IM-09.png>
Package pdftex.def Info: VECTOR_CONTROL_FOC_OF_IM-09.png  used on input line 24
0.
(pdftex.def)             Requested size: 333.46758pt x 155.6425pt.
<VECTOR_CONTROL_FOC_OF_IM-02.png, id=71, 991.45406pt x 802.49812pt>
File: VECTOR_CONTROL_FOC_OF_IM-02.png Graphic file (type png)
<use VECTOR_CONTROL_FOC_OF_IM-02.png>
Package pdftex.def Info: VECTOR_CONTROL_FOC_OF_IM-02.png  used on input line 24
8.
(pdftex.def)             Requested size: 333.46758pt x 269.90692pt.
 [15 <./VECTOR_CONTROL_FOC_OF_IM-07.png> <./VECTOR_CONTROL_FOC_OF_IM-09.png>]
<VECTOR_CONTROL_FOC_OF_IM-03.png, id=77, 359.09157pt x 170.88844pt>
File: VECTOR_CONTROL_FOC_OF_IM-03.png Graphic file (type png)
<use VECTOR_CONTROL_FOC_OF_IM-03.png>
Package pdftex.def Info: VECTOR_CONTROL_FOC_OF_IM-03.png  used on input line 25
9.
(pdftex.def)             Requested size: 250.10226pt x 119.02396pt.
<VECTOR_CONTROL_FOC_OF_IM-04.png, id=78, 723.45282pt x 296.60812pt>
File: VECTOR_CONTROL_FOC_OF_IM-04.png Graphic file (type png)
<use VECTOR_CONTROL_FOC_OF_IM-04.png>
Package pdftex.def Info: VECTOR_CONTROL_FOC_OF_IM-04.png  used on input line 27
0.
(pdftex.def)             Requested size: 250.10226pt x 102.5381pt.
 [16 <./VECTOR_CONTROL_FOC_OF_IM-02.png> <./VECTOR_CONTROL_FOC_OF_IM-03.png>]
<VECTOR_CONTROL_FOC_OF_IM-05.png, id=84, 853.68938pt x 343.2825pt>
File: VECTOR_CONTROL_FOC_OF_IM-05.png Graphic file (type png)
<use VECTOR_CONTROL_FOC_OF_IM-05.png>
Package pdftex.def Info: VECTOR_CONTROL_FOC_OF_IM-05.png  used on input line 28
4.
(pdftex.def)             Requested size: 333.46758pt x 134.09439pt.
 [17 <./VECTOR_CONTROL_FOC_OF_IM-04.png> <./VECTOR_CONTROL_FOC_OF_IM-05.png>]
Chapter 4.
<VECTOR_CONTROL_FOC_OF_IM-10.png, id=90, 1571.11969pt x 614.295pt>
File: VECTOR_CONTROL_FOC_OF_IM-10.png Graphic file (type png)
<use VECTOR_CONTROL_FOC_OF_IM-10.png>
Package pdftex.def Info: VECTOR_CONTROL_FOC_OF_IM-10.png  used on input line 29
3.
(pdftex.def)             Requested size: 416.83289pt x 162.97485pt.
<VECTOR_CONTROL_FOC_OF_IM-14.png, id=91, 510.40688pt x 189.70876pt>
File: VECTOR_CONTROL_FOC_OF_IM-14.png Graphic file (type png)
<use VECTOR_CONTROL_FOC_OF_IM-14.png>
Package pdftex.def Info: VECTOR_CONTROL_FOC_OF_IM-14.png  used on input line 30
7.
(pdftex.def)             Requested size: 333.46758pt x 123.94894pt.
<VECTOR_CONTROL_FOC_OF_IM-12.png, id=92, 703.87968pt x 286.06876pt>
File: VECTOR_CONTROL_FOC_OF_IM-12.png Graphic file (type png)
<use VECTOR_CONTROL_FOC_OF_IM-12.png>
Package pdftex.def Info: VECTOR_CONTROL_FOC_OF_IM-12.png  used on input line 31
3.
(pdftex.def)             Requested size: 333.46758pt x 135.52612pt.
<VECTOR_CONTROL_FOC_OF_IM-13.png, id=93, 1109.64563pt x 571.38469pt>
File: VECTOR_CONTROL_FOC_OF_IM-13.png Graphic file (type png)
<use VECTOR_CONTROL_FOC_OF_IM-13.png>
Package pdftex.def Info: VECTOR_CONTROL_FOC_OF_IM-13.png  used on input line 32
0.
(pdftex.def)             Requested size: 333.46758pt x 171.71315pt.
<31.png, id=94, 1660.2025pt x 767.86874pt>
File: 31.png Graphic file (type png)
<use 31.png>
Package pdftex.def Info: 31.png  used on input line 326.
(pdftex.def)             Requested size: 333.46758pt x 154.22716pt.
<VECTOR_CONTROL_FOC_OF_IM-11.png, id=95, 1656.1875pt x 770.12718pt>
File: VECTOR_CONTROL_FOC_OF_IM-11.png Graphic file (type png)
<use VECTOR_CONTROL_FOC_OF_IM-11.png>
Package pdftex.def Info: VECTOR_CONTROL_FOC_OF_IM-11.png  used on input line 33
4.
(pdftex.def)             Requested size: 333.46758pt x 155.05681pt.
<32.png, id=96, 1660.2025pt x 728.7225pt>
File: 32.png Graphic file (type png)
<use 32.png>
Package pdftex.def Info: 32.png  used on input line 340.
(pdftex.def)             Requested size: 333.46758pt x 146.3646pt.
<23.png, id=97, 1660.2025pt x 733.74126pt>
File: 23.png Graphic file (type png)
<use 23.png>
Package pdftex.def Info: 23.png  used on input line 346.
(pdftex.def)             Requested size: 333.46758pt x 147.37262pt.
[18

 <./VECTOR_CONTROL_FOC_OF_IM-10.png>] [19 <./VECTOR_CONTROL_FOC_OF_IM-14.png> <
./VECTOR_CONTROL_FOC_OF_IM-12.png> <./VECTOR_CONTROL_FOC_OF_IM-13.png>]
[20 <./31.png> <./VECTOR_CONTROL_FOC_OF_IM-11.png> <./32.png>] [21 <./23.png>]
Chapter 5.
[22

] [23

] (1.aux)
 ***********
LaTeX2e <2025-11-01>
L3 programming layer <2025-12-24>
 ***********


LaTeX Font Warning: Size substitutions with differences
(Font)              up to 3.12pt have occurred.


LaTeX Warning: Label(s) may have changed. Rerun to get cross-references right.

 ) 
Here is how much of TeX's memory you used:
 3542 strings out of 467871
 56155 string characters out of 5428426
 475320 words of memory out of 5000000
 32398 multiletter control sequences out of 15000+600000
 633939 words of font info for 61 fonts, out of 8000000 for 9000
 1141 hyphenation exceptions out of 8191
 57i,10n,65p,1030b,290s stack positions out of 10000i,1000n,20000p,200000b,200000s
 <C:\Users\Windows 10\AppData\Local\MiKTeX\fonts/pk/ljfour/jknappen/ec/dpi600
\tcrm1200.pk><C:/Program Files/MiKTeX/fonts/type1/public/amsfonts/cm/cmbx12.pfb
><C:/Program Files/MiKTeX/fonts/type1/public/amsfonts/cm/cmex10.pfb><C:/Program
 Files/MiKTeX/fonts/type1/public/amsfonts/cm/cmmi12.pfb><C:/Program Files/MiKTe
X/fonts/type1/public/amsfonts/cm/cmmi8.pfb><C:/Program Files/MiKTeX/fonts/type1
/public/amsfonts/cm/cmr12.pfb><C:/Program Files/MiKTeX/fonts/type1/public/amsfo
nts/cm/cmr17.pfb><C:/Program Files/MiKTeX/fonts/type1/public/amsfonts/cm/cmr8.p
fb><C:/Program Files/MiKTeX/fonts/type1/public/amsfonts/cm/cmsy10.pfb><C:/Progr
am Files/MiKTeX/fonts/type1/public/amsfonts/cm/cmsy8.pfb><C:/Program Files/MiKT
eX/fonts/type1/public/amsfonts/cm/cmti12.pfb>
Output written on 1.pdf (24 pages, 2442180 bytes).
PDF statistics:
 171 PDF objects out of 1000 (max. 8388607)
 0 named destinations out of 1000 (max. 500000)
 91 words of extra memory for PDF output out of 10000 (max. 10000000)

