This is pdfTeX, Version 3.141592653-2.6-1.40.28 (MiKTeX 25.12) (preloaded format=pdflatex 2026.5.26)  10 JUL 2026 06:39
entering extended mode
 restricted \write18 enabled.
 %&-line parsing enabled.
**./Project_Report_FOC_Detailed.tex
(Project_Report_FOC_Detailed.tex
LaTeX2e <2025-11-01>
L3 programming layer <2025-12-24>
(C:\Program Files\MiKTeX\tex/latex/base\report.cls
Document Class: report 2025/01/22 v1.4n Standard LaTeX document class
(C:\Program Files\MiKTeX\tex/latex/base\size12.clo
File: size12.clo 2025/01/22 v1.4n Standard LaTeX file (size option)
)
\c@part=\count275
\c@chapter=\count276
\c@section=\count277
\c@subsection=\count278
\c@subsubsection=\count279
\c@paragraph=\count280
\c@subparagraph=\count281
\c@figure=\count282
\c@table=\count283
\abovecaptionskip=\skip49
\belowcaptionskip=\skip50
\bibindent=\dimen148
)
(C:\Program Files\MiKTeX\tex/latex/base\inputenc.sty
Package: inputenc 2024/02/08 v1.3d Input encoding file
\inpenc@prehook=\toks17
\inpenc@posthook=\toks18
)
(C:\Program Files\MiKTeX\tex/latex/graphics\graphicx.sty
Package: graphicx 2024/12/31 v1.2e Enhanced LaTeX Graphics (DPC,SPQR)

(C:\Program Files\MiKTeX\tex/latex/graphics\keyval.sty
Package: keyval 2022/05/29 v1.15 key=value parser (DPC)
\KV@toks@=\toks19
)
(C:\Program Files\MiKTeX\tex/latex/graphics\graphics.sty
Package: graphics 2024/08/06 v1.4g Standard LaTeX Graphics (DPC,SPQR)

(C:\Program Files\MiKTeX\tex/latex/graphics\trig.sty
Package: trig 2023/12/02 v1.11 sin cos tan (DPC)
)
(C:\Program Files\MiKTeX\tex/latex/graphics-cfg\graphics.cfg
File: graphics.cfg 2016/06/04 v1.11 sample graphics configuration
)
Package graphics Info: Driver file: pdftex.def on input line 106.

(C:\Program Files\MiKTeX\tex/latex/graphics-def\pdftex.def
File: pdftex.def 2025/09/29 v1.2d Graphics/color driver for pdftex
))
\Gin@req@height=\dimen149
\Gin@req@width=\dimen150
)
(C:\Program Files\MiKTeX\tex/latex/amsmath\amsmath.sty
Package: amsmath 2025/07/09 v2.17z AMS math features
\@mathmargin=\skip51

For additional information on amsmath, use the `?' option.
(C:\Program Files\MiKTeX\tex/latex/amsmath\amstext.sty
Package: amstext 2024/11/17 v2.01 AMS text

(C:\Program Files\MiKTeX\tex/latex/amsmath\amsgen.sty
File: amsgen.sty 1999/11/30 v2.0 generic functions
\@emptytoks=\toks20
\ex@=\dimen151
))
(C:\Program Files\MiKTeX\tex/latex/amsmath\amsbsy.sty
Package: amsbsy 1999/11/29 v1.2d Bold Symbols
\pmbraise@=\dimen152
)
(C:\Program Files\MiKTeX\tex/latex/amsmath\amsopn.sty
Package: amsopn 2022/04/08 v2.04 operator names
)
\inf@bad=\count284
LaTeX Info: Redefining \frac on input line 233.
\uproot@=\count285
\leftroot@=\count286
LaTeX Info: Redefining \overline on input line 398.
LaTeX Info: Redefining \colon on input line 409.
\classnum@=\count287
\DOTSCASE@=\count288
LaTeX Info: Redefining \ldots on input line 495.
LaTeX Info: Redefining \dots on input line 498.
LaTeX Info: Redefining \cdots on input line 619.
\Mathstrutbox@=\box53
\strutbox@=\box54
LaTeX Info: Redefining \big on input line 721.
LaTeX Info: Redefining \Big on input line 722.
LaTeX Info: Redefining \bigg on input line 723.
LaTeX Info: Redefining \Bigg on input line 724.
\big@size=\dimen153
LaTeX Font Info:    Redeclaring font encoding OML on input line 742.
LaTeX Font Info:    Redeclaring font encoding OMS on input line 743.
\macc@depth=\count289
LaTeX Info: Redefining \bmod on input line 904.
LaTeX Info: Redefining \pmod on input line 909.
LaTeX Info: Redefining \smash on input line 939.
LaTeX Info: Redefining \relbar on input line 969.
LaTeX Info: Redefining \Relbar on input line 970.
\c@MaxMatrixCols=\count290
\dotsspace@=\muskip17
\c@parentequation=\count291
\dspbrk@lvl=\count292
\tag@help=\toks21
\row@=\count293
\column@=\count294
\maxfields@=\count295
\andhelp@=\toks22
\eqnshift@=\dimen154
\alignsep@=\dimen155
\tagshift@=\dimen156
\tagwidth@=\dimen157
\totwidth@=\dimen158
\lineht@=\dimen159
\@envbody=\toks23
\multlinegap=\skip52
\multlinetaggap=\skip53
\mathdisplay@stack=\toks24
LaTeX Info: Redefining \[ on input line 2950.
LaTeX Info: Redefining \] on input line 2951.
)
(C:\Users\Windows 10\AppData\Roaming\MiKTeX\tex/latex/geometry\geometry.sty
Package: geometry 2026/03/07 v6.0 Page Geometry

(C:\Program Files\MiKTeX\tex/generic/iftex\ifvtex.sty
Package: ifvtex 2019/10/25 v1.7 ifvtex legacy package. Use iftex instead.

(C:\Program Files\MiKTeX\tex/generic/iftex\iftex.sty
Package: iftex 2024/12/12 v1.0g TeX engine tests
))
\Gm@cnth=\count296
\Gm@cntv=\count297
\c@Gm@tempcnt=\count298
\Gm@bindingoffset=\dimen160
\Gm@wd@mp=\dimen161
\Gm@odd@mp=\dimen162
\Gm@even@mp=\dimen163
\Gm@layoutwidth=\dimen164
\Gm@layoutheight=\dimen165
\Gm@layouthoffset=\dimen166
\Gm@layoutvoffset=\dimen167
\Gm@dimlist=\toks25

(C:\Users\Windows 10\AppData\Roaming\MiKTeX\tex/latex/geometry\geometry.cfg))
(C:\Users\Windows 10\AppData\Roaming\MiKTeX\tex/latex/psnfss\mathptmx.sty
Package: mathptmx 2020/03/25 PSNFSS-v9.3 Times w/ Math, improved (SPQR, WaS) 
LaTeX Font Info:    Redeclaring symbol font `operators' on input line 28.
LaTeX Font Info:    Overwriting symbol font `operators' in version `normal'
(Font)                  OT1/cmr/m/n --> OT1/ztmcm/m/n on input line 28.
LaTeX Font Info:    Overwriting symbol font `operators' in version `bold'
(Font)                  OT1/cmr/bx/n --> OT1/ztmcm/m/n on input line 28.
LaTeX Font Info:    Redeclaring symbol font `letters' on input line 29.
LaTeX Font Info:    Overwriting symbol font `letters' in version `normal'
(Font)                  OML/cmm/m/it --> OML/ztmcm/m/it on input line 29.
LaTeX Font Info:    Overwriting symbol font `letters' in version `bold'
(Font)                  OML/cmm/b/it --> OML/ztmcm/m/it on input line 29.
LaTeX Font Info:    Redeclaring symbol font `symbols' on input line 30.
LaTeX Font Info:    Overwriting symbol font `symbols' in version `normal'
(Font)                  OMS/cmsy/m/n --> OMS/ztmcm/m/n on input line 30.
LaTeX Font Info:    Overwriting symbol font `symbols' in version `bold'
(Font)                  OMS/cmsy/b/n --> OMS/ztmcm/m/n on input line 30.
LaTeX Font Info:    Redeclaring symbol font `largesymbols' on input line 31.
LaTeX Font Info:    Overwriting symbol font `largesymbols' in version `normal'
(Font)                  OMX/cmex/m/n --> OMX/ztmcm/m/n on input line 31.
LaTeX Font Info:    Overwriting symbol font `largesymbols' in version `bold'
(Font)                  OMX/cmex/m/n --> OMX/ztmcm/m/n on input line 31.
\symbold=\mathgroup4
\symitalic=\mathgroup5
LaTeX Font Info:    Redeclaring math alphabet \mathbf on input line 34.
LaTeX Font Info:    Overwriting math alphabet `\mathbf' in version `normal'
(Font)                  OT1/cmr/bx/n --> OT1/ptm/bx/n on input line 34.
LaTeX Font Info:    Overwriting math alphabet `\mathbf' in version `bold'
(Font)                  OT1/cmr/bx/n --> OT1/ptm/bx/n on input line 34.
LaTeX Font Info:    Redeclaring math alphabet \mathit on input line 35.
LaTeX Font Info:    Overwriting math alphabet `\mathit' in version `normal'
(Font)                  OT1/cmr/m/it --> OT1/ptm/m/it on input line 35.
LaTeX Font Info:    Overwriting math alphabet `\mathit' in version `bold'
(Font)                  OT1/cmr/bx/it --> OT1/ptm/m/it on input line 35.
LaTeX Info: Redefining \hbar on input line 50.
)
(C:\Users\Windows 10\AppData\Roaming\MiKTeX\tex/latex/titlesec\titlesec.sty
Package: titlesec 2025/01/04 v2.17 Sectioning titles
\ttl@box=\box55
\beforetitleunit=\skip54
\aftertitleunit=\skip55
\ttl@plus=\dimen168
\ttl@minus=\dimen169
\ttl@toksa=\toks26
\titlewidth=\dimen170
\titlewidthlast=\dimen171
\titlewidthfirst=\dimen172
)
(C:\Users\Windows 10\AppData\Roaming\MiKTeX\tex/latex/caption\caption.sty
Package: caption 2023/08/05 v3.6o Customizing captions (AR)

(C:\Users\Windows 10\AppData\Roaming\MiKTeX\tex/latex/caption\caption3.sty
Package: caption3 2023/07/31 v2.4d caption3 kernel (AR)
\caption@tempdima=\dimen173
\captionmargin=\dimen174
\caption@leftmargin=\dimen175
\caption@rightmargin=\dimen176
\caption@width=\dimen177
\caption@indent=\dimen178
\caption@parindent=\dimen179
\caption@hangindent=\dimen180
Package caption Info: Standard document class detected.
)
\c@caption@flags=\count299
\c@continuedfloat=\count300
)
(C:\Users\Windows 10\AppData\Roaming\MiKTeX\tex/latex/float\float.sty
Package: float 2001/11/08 v1.3d Float enhancements (AL)
\c@float@type=\count301
\float@exts=\toks27
\float@box=\box56
\@float@everytoks=\toks28
\@floatcapt=\box57
)
(C:\Users\Windows 10\AppData\Roaming\MiKTeX\tex/latex/setspace\setspace.sty
Package: setspace 2022/12/04 v6.7b set line spacing
)
(C:\Users\Windows 10\AppData\Roaming\MiKTeX\tex/latex/fancyhdr\fancyhdr.sty
Package: fancyhdr 2025/02/07 v5.2 Extensive control of page headers and footers

\f@nch@headwidth=\skip56
\f@nch@offset@elh=\skip57
\f@nch@offset@erh=\skip58
\f@nch@offset@olh=\skip59
\f@nch@offset@orh=\skip60
\f@nch@offset@elf=\skip61
\f@nch@offset@erf=\skip62
\f@nch@offset@olf=\skip63
\f@nch@offset@orf=\skip64
\f@nch@height=\skip65
\f@nch@footalignment=\skip66
\f@nch@widthL=\skip67
\f@nch@widthC=\skip68
\f@nch@widthR=\skip69
\@temptokenb=\toks29
)
LaTeX Font Info:    Trying to load font information for OT1+ptm on input line 1
9.

(C:\Users\Windows 10\AppData\Roaming\MiKTeX\tex/latex/psnfss\ot1ptm.fd
File: ot1ptm.fd 2001/06/04 font definitions for OT1/ptm.
)
(C:\Program Files\MiKTeX\tex/latex/l3backend\l3backend-pdftex.def
File: l3backend-pdftex.def 2025-10-09 L3 backend support: PDF output (pdfTeX)
\l__color_backend_stack_int=\count302
)
(Project_Report_FOC_Detailed.aux)
\openout1 = `Project_Report_FOC_Detailed.aux'.

LaTeX Font Info:    Checking defaults for OML/cmm/m/it on input line 19.
LaTeX Font Info:    ... okay on input line 19.
LaTeX Font Info:    Checking defaults for OMS/cmsy/m/n on input line 19.
LaTeX Font Info:    ... okay on input line 19.
LaTeX Font Info:    Checking defaults for OT1/cmr/m/n on input line 19.
LaTeX Font Info:    ... okay on input line 19.
LaTeX Font Info:    Checking defaults for T1/cmr/m/n on input line 19.
LaTeX Font Info:    ... okay on input line 19.
LaTeX Font Info:    Checking defaults for TS1/cmr/m/n on input line 19.
LaTeX Font Info:    ... okay on input line 19.
LaTeX Font Info:    Checking defaults for OMX/cmex/m/n on input line 19.
LaTeX Font Info:    ... okay on input line 19.
LaTeX Font Info:    Checking defaults for U/cmr/m/n on input line 19.
LaTeX Font Info:    ... okay on input line 19.

(C:\Program Files\MiKTeX\tex/context/base/mkii\supp-pdf.mkii
[Loading MPS to PDF converter (version 2006.09.02).]
\scratchcounter=\count303
\scratchdimen=\dimen181
\scratchbox=\box58
\nofMPsegments=\count304
\nofMParguments=\count305
\everyMPshowfont=\toks30
\MPscratchCnt=\count306
\MPscratchDim=\dimen182
\MPnumerator=\count307
\makeMPintoPDFobject=\count308
\everyMPtoPDFconversion=\toks31
) (C:\Program Files\MiKTeX\tex/latex/epstopdf-pkg\epstopdf-base.sty
Package: epstopdf-base 2020-01-24 v2.11 Base part for package epstopdf
Package epstopdf-base Info: Redefining graphics rule for `.eps' on input line 4
85.

(C:\Program Files\MiKTeX\tex/latex/00miktex\epstopdf-sys.cfg
File: epstopdf-sys.cfg 2021/03/18 v2.0 Configuration of epstopdf for MiKTeX
))
*geometry* driver: auto-detecting
*geometry* detected driver: pdftex
*geometry* verbose mode - [ preamble ] result:
* driver: pdftex
* paper: a4paper
* layout: <same size as paper>
* layoutoffset:(h,v)=(0.0pt,0.0pt)
* modes: 
* h-part:(L,W,R)=(72.26999pt, 452.9679pt, 72.26999pt)
* v-part:(T,H,B)=(72.26999pt, 700.50687pt, 72.26999pt)
* \paperwidth=597.50787pt
* \paperheight=845.04684pt
* \textwidth=452.9679pt
* \textheight=700.50687pt
* \oddsidemargin=0.0pt
* \evensidemargin=0.0pt
* \topmargin=-37.0pt
* \headheight=12.0pt
* \headsep=25.0pt
* \topskip=12.0pt
* \footskip=30.0pt
* \marginparwidth=35.0pt
* \marginparsep=10.0pt
* \columnsep=10.0pt
* \skip\footins=10.8pt plus 4.0pt minus 2.0pt
* \hoffset=0.0pt
* \voffset=0.0pt
* \mag=1000
* \@twocolumnfalse
* \@twosidefalse
* \@mparswitchfalse
* \@reversemarginfalse
* (1in=72.27pt=25.4mm, 1cm=28.453pt)

Package caption Info: Begin \AtBeginDocument code.
Package caption Info: float package is loaded.
Package caption Info: End \AtBeginDocument code.
[1

{C:/Users/Windows 10/AppData/Local/MiKTeX/fonts/map/pdftex/pdftex.map}{C:/Progr
am Files/MiKTeX/fonts/enc/dvips/base/8r.enc}]
LaTeX Font Info:    Trying to load font information for OT1+ztmcm on input line
 58.

(C:\Users\Windows 10\AppData\Roaming\MiKTeX\tex/latex/psnfss\ot1ztmcm.fd
File: ot1ztmcm.fd 2000/01/03 Fontinst v1.801 font definitions for OT1/ztmcm.
)
LaTeX Font Info:    Trying to load font information for OML+ztmcm on input line
 58.

(C:\Users\Windows 10\AppData\Roaming\MiKTeX\tex/latex/psnfss\omlztmcm.fd
File: omlztmcm.fd 2000/01/03 Fontinst v1.801 font definitions for OML/ztmcm.
)
LaTeX Font Info:    Trying to load font information for OMS+ztmcm on input line
 58.

(C:\Users\Windows 10\AppData\Roaming\MiKTeX\tex/latex/psnfss\omsztmcm.fd
File: omsztmcm.fd 2000/01/03 Fontinst v1.801 font definitions for OMS/ztmcm.
)
LaTeX Font Info:    Trying to load font information for OMX+ztmcm on input line
 58.

(C:\Users\Windows 10\AppData\Roaming\MiKTeX\tex/latex/psnfss\omxztmcm.fd
File: omxztmcm.fd 2000/01/03 Fontinst v1.801 font definitions for OMX/ztmcm.
)
LaTeX Font Info:    Font shape `OT1/ptm/bx/n' in size <12> not available
(Font)              Font shape `OT1/ptm/b/n' tried instead on input line 58.
LaTeX Font Info:    Font shape `OT1/ptm/bx/n' in size <9> not available
(Font)              Font shape `OT1/ptm/b/n' tried instead on input line 58.
LaTeX Font Info:    Font shape `OT1/ptm/bx/n' in size <7> not available
(Font)              Font shape `OT1/ptm/b/n' tried instead on input line 58.

Overfull \hbox (14.27618pt too wide) in paragraph at lines 57--63
[] 
 []

[1] [2] [3] (Project_Report_FOC_Detailed.toc)
\tf@toc=\write3
\openout3 = `Project_Report_FOC_Detailed.toc'.

 [4

]
(Project_Report_FOC_Detailed.lof)
\tf@lof=\write4
\openout4 = `Project_Report_FOC_Detailed.lof'.

 [5

] (Project_Report_FOC_Detailed.lot)
\tf@lot=\write5
\openout5 = `Project_Report_FOC_Detailed.lot'.


[6

] [7]
Chapter 1.
[8

]
<VECTOR_CONTROL_FOC_OF_IM-01.png, id=37, 1656.1875pt x 819.8128pt>
File: VECTOR_CONTROL_FOC_OF_IM-01.png Graphic file (type png)
<use VECTOR_CONTROL_FOC_OF_IM-01.png>
Package pdftex.def Info: VECTOR_CONTROL_FOC_OF_IM-01.png  used on input line 13
9.
(pdftex.def)             Requested size: 407.66833pt x 201.78783pt.
 [9 <./VECTOR_CONTROL_FOC_OF_IM-01.png>]
Chapter 2.

Overfull \hbox (0.24281pt too wide) in paragraph at lines 144--144
|\OT1/ptm/b/n/24.88 Induction Mo-tor Plant Pa-ram-e-ters and Dy-
 []


Overfull \hbox (9.82343pt too wide) in paragraph at lines 152--168
 [][] 
 []

[10

]
<7.png, id=48, 1660.2025pt x 797.98125pt>
File: 7.png Graphic file (type png)
<use 7.png>
Package pdftex.def Info: 7.png  used on input line 205.
(pdftex.def)             Requested size: 407.66833pt x 195.93936pt.
<1.png, id=49, 1660.2025pt x 728.7225pt>
File: 1.png Graphic file (type png)
<use 1.png>
Package pdftex.def Info: 1.png  used on input line 210.
(pdftex.def)             Requested size: 407.66833pt x 178.9333pt.
 [11] [12 <./7.png> <./1.png>]
Chapter 3.
LaTeX Font Info:    Font shape `OT1/ptm/bx/n' in size <14.4> not available
(Font)              Font shape `OT1/ptm/b/n' tried instead on input line 218.
LaTeX Font Info:    Font shape `OT1/ptm/bx/n' in size <10.95> not available
(Font)              Font shape `OT1/ptm/b/n' tried instead on input line 218.
LaTeX Font Info:    Font shape `OT1/ptm/bx/n' in size <8> not available
(Font)              Font shape `OT1/ptm/b/n' tried instead on input line 218.
<VECTOR_CONTROL_FOC_OF_IM-06.png, id=59, 748.29562pt x 429.10312pt>
File: VECTOR_CONTROL_FOC_OF_IM-06.png Graphic file (type png)
<use VECTOR_CONTROL_FOC_OF_IM-06.png>
Package pdftex.def Info: VECTOR_CONTROL_FOC_OF_IM-06.png  used on input line 23
1.
(pdftex.def)             Requested size: 362.37569pt x 207.80048pt.
[13

]
<VECTOR_CONTROL_FOC_OF_IM-07.png, id=64, 768.62157pt x 345.54094pt>
File: VECTOR_CONTROL_FOC_OF_IM-07.png Graphic file (type png)
<use VECTOR_CONTROL_FOC_OF_IM-07.png>
Package pdftex.def Info: VECTOR_CONTROL_FOC_OF_IM-07.png  used on input line 24
3.
(pdftex.def)             Requested size: 362.37569pt x 162.91042pt.
<VECTOR_CONTROL_FOC_OF_IM-02.png, id=65, 991.45406pt x 802.49812pt>
File: VECTOR_CONTROL_FOC_OF_IM-02.png Graphic file (type png)
<use VECTOR_CONTROL_FOC_OF_IM-02.png>
Package pdftex.def Info: VECTOR_CONTROL_FOC_OF_IM-02.png  used on input line 24
8.
(pdftex.def)             Requested size: 407.66833pt x 329.96922pt.
 [14 <./VECTOR_CONTROL_FOC_OF_IM-06.png> <./VECTOR_CONTROL_FOC_OF_IM-07.png>]
<VECTOR_CONTROL_FOC_OF_IM-09.png, id=71, 724.20563pt x 338.01282pt>
File: VECTOR_CONTROL_FOC_OF_IM-09.png Graphic file (type png)
<use VECTOR_CONTROL_FOC_OF_IM-09.png>
Package pdftex.def Info: VECTOR_CONTROL_FOC_OF_IM-09.png  used on input line 26
0.
(pdftex.def)             Requested size: 362.37569pt x 169.13492pt.
 [15 <./VECTOR_CONTROL_FOC_OF_IM-02.png>]
<VECTOR_CONTROL_FOC_OF_IM-03.png, id=76, 359.09157pt x 170.88844pt>
File: VECTOR_CONTROL_FOC_OF_IM-03.png Graphic file (type png)
<use VECTOR_CONTROL_FOC_OF_IM-03.png>
Package pdftex.def Info: VECTOR_CONTROL_FOC_OF_IM-03.png  used on input line 28
0.
(pdftex.def)             Requested size: 317.07614pt x 150.9038pt.
 [16 <./VECTOR_CONTROL_FOC_OF_IM-09.png> <./VECTOR_CONTROL_FOC_OF_IM-03.png>]
<VECTOR_CONTROL_FOC_OF_IM-04.png, id=82, 723.45282pt x 296.60812pt>
File: VECTOR_CONTROL_FOC_OF_IM-04.png Graphic file (type png)
<use VECTOR_CONTROL_FOC_OF_IM-04.png>
Package pdftex.def Info: VECTOR_CONTROL_FOC_OF_IM-04.png  used on input line 30
5.
(pdftex.def)             Requested size: 407.66833pt x 167.14035pt.
LaTeX Font Info:    Font shape `OT1/ptm/bx/n' in size <17.28> not available
(Font)              Font shape `OT1/ptm/b/n' tried instead on input line 309.
LaTeX Font Info:    Font shape `OT1/ptm/bx/n' in size <10> not available
(Font)              Font shape `OT1/ptm/b/n' tried instead on input line 309.
 [17 <./VECTOR_CONTROL_FOC_OF_IM-04.png>]
<VECTOR_CONTROL_FOC_OF_IM-05.png, id=87, 853.68938pt x 343.2825pt>
File: VECTOR_CONTROL_FOC_OF_IM-05.png Graphic file (type png)
<use VECTOR_CONTROL_FOC_OF_IM-05.png>
Package pdftex.def Info: VECTOR_CONTROL_FOC_OF_IM-05.png  used on input line 32
5.
(pdftex.def)             Requested size: 362.37569pt x 145.71765pt.
<VECTOR_CONTROL_FOC_OF_IM-15.png, id=88, 526.21594pt x 235.63031pt>
File: VECTOR_CONTROL_FOC_OF_IM-15.png Graphic file (type png)
<use VECTOR_CONTROL_FOC_OF_IM-15.png>
Package pdftex.def Info: VECTOR_CONTROL_FOC_OF_IM-15.png  used on input line 33
0.
(pdftex.def)             Requested size: 362.37569pt x 162.27228pt.
<23.png, id=89, 1660.2025pt x 733.74126pt>
File: 23.png Graphic file (type png)
<use 23.png>
Package pdftex.def Info: 23.png  used on input line 336.
(pdftex.def)             Requested size: 407.66833pt x 180.16563pt.
 [18 <./VECTOR_CONTROL_FOC_OF_IM-05.png> <./VECTOR_CONTROL_FOC_OF_IM-15.png>] [
19 <./23.png>]
Chapter 4.

Overfull \hbox (62.5418pt too wide) in paragraph at lines 341--341
|\OT1/ptm/b/n/24.88 Space Vec-tor Pulse Width Mod-u-la-tion (SVPWM)| 
 []

<VECTOR_CONTROL_FOC_OF_IM-10.png, id=100, 1571.11969pt x 614.295pt>
File: VECTOR_CONTROL_FOC_OF_IM-10.png Graphic file (type png)
<use VECTOR_CONTROL_FOC_OF_IM-10.png>
Package pdftex.def Info: VECTOR_CONTROL_FOC_OF_IM-10.png  used on input line 34
7.
(pdftex.def)             Requested size: 452.9679pt x 177.10054pt.
<VECTOR_CONTROL_FOC_OF_IM-14.png, id=101, 510.40688pt x 189.70876pt>
File: VECTOR_CONTROL_FOC_OF_IM-14.png Graphic file (type png)
<use VECTOR_CONTROL_FOC_OF_IM-14.png>
Package pdftex.def Info: VECTOR_CONTROL_FOC_OF_IM-14.png  used on input line 36
6.
(pdftex.def)             Requested size: 362.37569pt x 134.69415pt.
[20

 <./VECTOR_CONTROL_FOC_OF_IM-10.png>]
<VECTOR_CONTROL_FOC_OF_IM-12.png, id=106, 703.87968pt x 286.06876pt>
File: VECTOR_CONTROL_FOC_OF_IM-12.png Graphic file (type png)
<use VECTOR_CONTROL_FOC_OF_IM-12.png>
Package pdftex.def Info: VECTOR_CONTROL_FOC_OF_IM-12.png  used on input line 37
2.
(pdftex.def)             Requested size: 362.37569pt x 147.27249pt.
<VECTOR_CONTROL_FOC_OF_IM-13.png, id=107, 1109.64563pt x 571.38469pt>
File: VECTOR_CONTROL_FOC_OF_IM-13.png Graphic file (type png)
<use VECTOR_CONTROL_FOC_OF_IM-13.png>
Package pdftex.def Info: VECTOR_CONTROL_FOC_OF_IM-13.png  used on input line 39
2.
(pdftex.def)             Requested size: 407.66833pt x 209.91814pt.
<31.png, id=108, 1660.2025pt x 767.86874pt>
File: 31.png Graphic file (type png)
<use 31.png>
Package pdftex.def Info: 31.png  used on input line 397.
(pdftex.def)             Requested size: 407.66833pt x 188.54543pt.
 [21 <./VECTOR_CONTROL_FOC_OF_IM-14.png> <./VECTOR_CONTROL_FOC_OF_IM-12.png>]
<VECTOR_CONTROL_FOC_OF_IM-11.png, id=114, 1656.1875pt x 770.12718pt>
File: VECTOR_CONTROL_FOC_OF_IM-11.png Graphic file (type png)
<use VECTOR_CONTROL_FOC_OF_IM-11.png>
Package pdftex.def Info: VECTOR_CONTROL_FOC_OF_IM-11.png  used on input line 40
4.
(pdftex.def)             Requested size: 452.9679pt x 210.62813pt.
<32.png, id=115, 1660.2025pt x 728.7225pt>
File: 32.png Graphic file (type png)
<use 32.png>
Package pdftex.def Info: 32.png  used on input line 409.
(pdftex.def)             Requested size: 407.66833pt x 178.9333pt.
 [22 <./VECTOR_CONTROL_FOC_OF_IM-13.png> <./31.png>]
<VECTOR_CONTROL_FOC_OF_IM-08.png, id=121, 1201.48875pt x 635.37375pt>
File: VECTOR_CONTROL_FOC_OF_IM-08.png Graphic file (type png)
<use VECTOR_CONTROL_FOC_OF_IM-08.png>
Package pdftex.def Info: VECTOR_CONTROL_FOC_OF_IM-08.png  used on input line 41
4.
(pdftex.def)             Requested size: 407.66833pt x 215.57825pt.
 [23 <./VECTOR_CONTROL_FOC_OF_IM-11.png> <./32.png>] [24 <./VECTOR_CONTROL_FOC_
OF_IM-08.png>]
Chapter 5.
[25

] [26

] (Project_Report_FOC_Detailed.aux)
 ***********
LaTeX2e <2025-11-01>
L3 programming layer <2025-12-24>
 ***********


LaTeX Warning: Label(s) may have changed. Rerun to get cross-references right.

 ) 
Here is how much of TeX's memory you used:
 5124 strings out of 467871
 86923 string characters out of 5428426
 505537 words of memory out of 5000000
 33914 multiletter control sequences out of 15000+600000
 684689 words of font info for 149 fonts, out of 8000000 for 9000
 1141 hyphenation exceptions out of 8191
 57i,13n,65p,997b,325s stack positions out of 10000i,1000n,20000p,200000b,200000s
<C:/Program Files/MiKTeX/fonts/type1/public/amsfonts/cm/cmex10.pfb><C:/Progra
m Files/MiKTeX/fonts/type1/public/amsfonts/cm/cmmi10.pfb><C:/Program Files/MiKT
eX/fonts/type1/public/amsfonts/cm/cmr10.pfb><C:/Program Files/MiKTeX/fonts/type
1/public/amsfonts/cm/cmsy10.pfb><C:/Program Files/MiKTeX/fonts/type1/public/ams
fonts/cm/cmtt12.pfb><C:/Program Files/MiKTeX/fonts/type1/urw/symbol/usyr.pfb><C
:/Program Files/MiKTeX/fonts/type1/urw/symbol/usyr.pfb><C:/Program Files/MiKTeX
/fonts/type1/urw/times/utmb8a.pfb><C:/Program Files/MiKTeX/fonts/type1/urw/time
s/utmr8a.pfb><C:/Program Files/MiKTeX/fonts/type1/urw/times/utmri8a.pfb>
Output written on Project_Report_FOC_Detailed.pdf (27 pages, 2461340 bytes).
PDF statistics:
 181 PDF objects out of 1000 (max. 8388607)
 0 named destinations out of 1000 (max. 500000)
 101 words of extra memory for PDF output out of 10000 (max. 10000000)

